Traceback (most recent call last):
  File "C:\ProgramData\Anaconda3\envs\dsm_book\lib\site-packages\jupyter_cache\executors\utils.py", line 51, in single_nb_execution
    executenb(
  File "C:\ProgramData\Anaconda3\envs\dsm_book\lib\site-packages\nbclient\client.py", line 1112, in execute
    return NotebookClient(nb=nb, resources=resources, km=km, **kwargs).execute()
  File "C:\ProgramData\Anaconda3\envs\dsm_book\lib\site-packages\nbclient\util.py", line 74, in wrapped
    return just_run(coro(*args, **kwargs))
  File "C:\ProgramData\Anaconda3\envs\dsm_book\lib\site-packages\nbclient\util.py", line 53, in just_run
    return loop.run_until_complete(coro)
  File "C:\ProgramData\Anaconda3\envs\dsm_book\lib\asyncio\base_events.py", line 616, in run_until_complete
    return future.result()
  File "C:\ProgramData\Anaconda3\envs\dsm_book\lib\site-packages\nbclient\client.py", line 553, in async_execute
    await self.async_execute_cell(
  File "C:\ProgramData\Anaconda3\envs\dsm_book\lib\site-packages\nbclient\client.py", line 857, in async_execute_cell
    self._check_raise_for_error(cell, exec_reply)
  File "C:\ProgramData\Anaconda3\envs\dsm_book\lib\site-packages\nbclient\client.py", line 760, in _check_raise_for_error
    raise CellExecutionError.from_cell_and_msg(cell, exec_reply_content)
nbclient.exceptions.CellExecutionError: An error occurred while executing the following cell:
------------------
library(pwr)
library(purrr)

inv.logit <- function(x) {
    1 / (1 + exp(-x))
}

data_causal_inf <- function(n, tau = 1, b = 2, base = 100) {
    ## DGP
    age <- rnbinom(n, 10, 0.3)
    ps <- inv.logit(0.2*(age- mean(age)))
    Y0s <- round(base + b * age + rnorm(n, 0, 3))
    Y1s <- round(Y0s + tau)
    Z <- map_dbl(ps, ~ sample(c(0,1), 1, F, c(1-., .)))
    Y <- Z * Y1s + (1-Z) * Y0s
    return(list(age = age, Y = Y, Z = Z, ps = ps))
}

data_causal_inf_rand_exp <- function(n, tau = 1, b = 2, base = 100) {
    ## DGP
    age <- rnbinom(n, 10, 0.3)
    ps <- inv.logit(0.2*(age- mean(age)))
    Y0s <- round(base + b * age + rnorm(n, 0, 3))
    Y1s <- round(Y0s + tau)
    Z <- rbinom(n, 1, 0.5)
    Y <- Z * Y1s + (1-Z) * Y0s
    return(list(age = age, Y = Y, Z = Z, ps = ps))
}

set.seed(7)
n <- 500

causal_int_obs <- data_causal_inf(n, tau = 0.9123, b = - 1.0314)

Age <- causal_int_obs$age; StreamingMinutes <- causal_int_obs$Y; AccountType <- ifelse(causal_int_obs$Z, "Premium", "Free")
musicfi <- data.frame(Age, AccountType, StreamingMinutes)

causal_int_obsrand <- data_causal_inf_rand_exp(n=500, tau = 0.9123, b = - 0.5314)

Age <- causal_int_obsrand$age; StreamingMinutes <- causal_int_obsrand$Y; AccountType <- ifelse(causal_int_obsrand$Z, "Premium", "Free")
musicfiExp <- data.frame(Age, AccountType, StreamingMinutes)
------------------

Error in library(pwr): there is no package called 'pwr'
Traceback:

1. library(pwr)
ERROR: Error in library(pwr): there is no package called 'pwr'


